{"level":"\u001b[32minfo\u001b[39m","message":"Server started on port 3000","timestamp":"2025-11-28 12:50:32"}
{"level":"\u001b[32minfo\u001b[39m","message":"Server started on port 3000","timestamp":"2025-11-28 12:50:33"}
{"level":"\u001b[32minfo\u001b[39m","message":"Server started on port 3000","timestamp":"2025-11-28 12:50:38"}
{"level":"\u001b[32minfo\u001b[39m","message":"controller method /register","timestamp":"2025-11-28 12:50:43"}
{"level":"\u001b[32minfo\u001b[39m","message":"Server started on port 3000","timestamp":"2025-11-28 12:52:37"}
{"level":"\u001b[32minfo\u001b[39m","message":"Server started on port 3000","timestamp":"2025-11-28 12:52:37"}
{"level":"\u001b[32minfo\u001b[39m","message":"Server started on port 3000","timestamp":"2025-11-28 12:52:38"}
{"level":"\u001b[32minfo\u001b[39m","message":"Server started on port 3000","timestamp":"2025-11-28 12:52:48"}
{"level":"\u001b[32minfo\u001b[39m","message":"controller method /register","timestamp":"2025-11-28 12:52:49"}
{"level":"\u001b[31merror\u001b[39m","message":"🔥 Error: User already exists","stack":"Error: User already exists\n    at AuthService.register (/home/danil/Рабочий стол/learn-ts/auth-jwt/src/services/auth.service.ts:16:19)\n    at processTicksAndRejections (node:internal/process/task_queues:95:5)\n    at register (/home/danil/Рабочий стол/learn-ts/auth-jwt/src/controllers/auth.controller.ts:11:28)","status":409,"timestamp":"2025-11-28 12:52:49"}
{"level":"\u001b[32minfo\u001b[39m","message":"Server started on port 3000","timestamp":"2025-11-28 12:56:48"}
{"level":"\u001b[32minfo\u001b[39m","message":"Server started on port 3000","timestamp":"2025-11-28 12:56:48"}
{"level":"\u001b[32minfo\u001b[39m","message":"Server started on port 3000","timestamp":"2025-11-28 12:56:49"}
{"level":"\u001b[32minfo\u001b[39m","message":"Server started on port 3000","timestamp":"2025-11-28 12:56:49"}
{"level":"\u001b[32minfo\u001b[39m","message":"Server started on port 3000","timestamp":"2025-11-28 12:56:50"}
{"level":"\u001b[32minfo\u001b[39m","message":"Server started on port 3000","timestamp":"2025-11-28 12:56:55"}
{"level":"\u001b[32minfo\u001b[39m","message":"Server started on port 3000","timestamp":"2025-11-28 12:56:55"}
{"level":"\u001b[32minfo\u001b[39m","message":"Server started on port 3000","timestamp":"2025-11-28 12:57:07"}
{"level":"\u001b[32minfo\u001b[39m","message":"Server started on port 3000","timestamp":"2025-11-28 12:57:16"}
{"level":"\u001b[31merror\u001b[39m","message":"🔥 Error: User already exists","stack":"Error: User already exists\n    at AuthService.register (/home/danil/Рабочий стол/learn-ts/auth-jwt/src/services/auth.service.ts:16:19)\n    at processTicksAndRejections (node:internal/process/task_queues:95:5)\n    at register (/home/danil/Рабочий стол/learn-ts/auth-jwt/src/controllers/auth.controller.ts:10:28)","status":409,"timestamp":"2025-11-28 12:57:17"}
{"level":"\u001b[31merror\u001b[39m","message":"🔥 Error: User already exists","stack":"Error: User already exists\n    at AuthService.register (/home/danil/Рабочий стол/learn-ts/auth-jwt/src/services/auth.service.ts:16:19)\n    at processTicksAndRejections (node:internal/process/task_queues:95:5)\n    at register (/home/danil/Рабочий стол/learn-ts/auth-jwt/src/controllers/auth.controller.ts:10:28)","status":409,"timestamp":"2025-11-28 12:57:28"}
{"level":"\u001b[32minfo\u001b[39m","message":"REQUEST POST /auth/","timestamp":"2025-11-28 12:57:33"}
{"level":"\u001b[32minfo\u001b[39m","message":"REQUEST POST /auth/fsda","timestamp":"2025-11-28 12:57:40"}
{"level":"\u001b[32minfo\u001b[39m","message":"Server started on port 3000","timestamp":"2025-11-28 12:59:14"}
{"level":"\u001b[32minfo\u001b[39m","message":"Server started on port 3000","timestamp":"2025-11-28 12:59:21"}
{"level":"\u001b[32minfo\u001b[39m","message":"Server started on port 3000","timestamp":"2025-11-28 12:59:32"}
{"level":"\u001b[32minfo\u001b[39m","message":"Server started on port 3000","timestamp":"2025-11-28 12:59:41"}
{"level":"\u001b[32minfo\u001b[39m","message":"Server started on port 3000","timestamp":"2025-11-28 12:59:49"}
{"level":"\u001b[32minfo\u001b[39m","message":"Server started on port 3000","timestamp":"2025-11-28 13:00:39"}
{"level":"\u001b[32minfo\u001b[39m","message":"Server started on port 3000","timestamp":"2025-11-28 13:00:47"}
{"level":"\u001b[32minfo\u001b[39m","message":"Server started on port 3000","timestamp":"2025-11-28 13:00:56"}
{"level":"\u001b[32minfo\u001b[39m","message":"Server started on port 3000","timestamp":"2025-11-28 13:01:02"}
{"level":"\u001b[32minfo\u001b[39m","message":"Server started on port 3000","timestamp":"2025-11-28 13:01:09"}
{"level":"\u001b[32minfo\u001b[39m","message":"Server started on port 3000","timestamp":"2025-11-28 13:01:17"}
{"level":"\u001b[32minfo\u001b[39m","message":"Server started on port 3000","timestamp":"2025-11-28 13:01:25"}
{"level":"\u001b[32minfo\u001b[39m","message":"Server started on port 3000","timestamp":"2025-11-28 13:01:30"}
{"level":"\u001b[32minfo\u001b[39m","message":"Server started on port 3000","timestamp":"2025-11-28 13:01:35"}
{"level":"\u001b[32minfo\u001b[39m","message":"Server started on port 3000","timestamp":"2025-11-28 13:01:41"}
{"level":"\u001b[32minfo\u001b[39m","message":"Server started on port 3000","timestamp":"2025-11-28 13:01:48"}
{"level":"\u001b[32minfo\u001b[39m","message":"Server started on port 3000","timestamp":"2025-11-28 13:01:54"}
{"level":"\u001b[32minfo\u001b[39m","message":"Server started on port 3000","timestamp":"2025-11-28 13:02:01"}
{"level":"\u001b[32minfo\u001b[39m","message":"Server started on port 3000","timestamp":"2025-11-28 13:08:10"}
{"level":"\u001b[32minfo\u001b[39m","message":"Server started on port 3000","timestamp":"2025-11-28 13:08:19"}
{"level":"\u001b[32minfo\u001b[39m","message":"Server started on port 3000","timestamp":"2025-11-28 13:08:22"}
{"level":"\u001b[32minfo\u001b[39m","message":"Server started on port 3000","timestamp":"2025-11-28 13:09:04"}
{"level":"\u001b[32minfo\u001b[39m","message":"Server started on port 3000","timestamp":"2025-11-28 13:09:15"}
{"level":"\u001b[32minfo\u001b[39m","message":"Server started on port 3000","timestamp":"2025-11-28 13:09:21"}
{"level":"\u001b[32minfo\u001b[39m","message":"Server started on port 3000","timestamp":"2025-11-28 13:09:40"}
{"level":"\u001b[32minfo\u001b[39m","message":"Server started on port 3000","timestamp":"2025-11-28 13:09:44"}
{"level":"\u001b[32minfo\u001b[39m","message":"Server started on port 3000","timestamp":"2025-11-28 13:09:52"}
{"level":"\u001b[32minfo\u001b[39m","message":"Server started on port 3000","timestamp":"2025-11-28 13:10:01"}
{"level":"\u001b[32minfo\u001b[39m","message":"Server started on port 3000","timestamp":"2025-11-28 13:10:12"}
{"level":"\u001b[32minfo\u001b[39m","message":"Server started on port 3000","timestamp":"2025-11-28 13:10:27"}
{"level":"\u001b[32minfo\u001b[39m","message":"Server started on port 3000","timestamp":"2025-11-28 13:10:45"}
{"level":"\u001b[32minfo\u001b[39m","message":"Server started on port 3000","timestamp":"2025-11-28 13:10:55"}
{"level":"\u001b[32minfo\u001b[39m","message":"Server started on port 3000","timestamp":"2025-11-28 13:10:57"}
{"level":"\u001b[32minfo\u001b[39m","message":"Server started on port 3000","timestamp":"2025-11-28 13:11:04"}
{"level":"\u001b[32minfo\u001b[39m","message":"Server started on port 3000","timestamp":"2025-11-28 13:11:08"}
{"level":"\u001b[32minfo\u001b[39m","message":"Server started on port 3000","timestamp":"2025-11-28 13:11:17"}
{"level":"\u001b[32minfo\u001b[39m","message":"Server started on port 3000","timestamp":"2025-11-28 13:11:27"}
{"level":"\u001b[32minfo\u001b[39m","message":"Server started on port 3000","timestamp":"2025-11-28 13:11:37"}
{"level":"\u001b[32minfo\u001b[39m","message":"Server started on port 3000","timestamp":"2025-11-28 13:11:44"}
{"level":"\u001b[32minfo\u001b[39m","message":"Server started on port 3000","timestamp":"2025-11-28 13:12:03"}
{"level":"\u001b[32minfo\u001b[39m","message":"Server started on port 3000","timestamp":"2025-11-28 13:12:10"}
{"level":"\u001b[32minfo\u001b[39m","message":"Server started on port 3000","timestamp":"2025-11-28 13:12:38"}
{"level":"\u001b[32minfo\u001b[39m","message":"Server started on port 3000","timestamp":"2025-11-28 13:12:45"}
{"level":"\u001b[32minfo\u001b[39m","message":"Server started on port 3000","timestamp":"2025-11-28 13:12:53"}
{"level":"\u001b[32minfo\u001b[39m","message":"Server started on port 3000","timestamp":"2025-11-28 13:13:02"}
{"level":"\u001b[32minfo\u001b[39m","message":"Server started on port 3000","timestamp":"2025-11-28 13:13:11"}
{"level":"\u001b[32minfo\u001b[39m","message":"Server started on port 3000","timestamp":"2025-11-28 13:13:19"}
{"level":"\u001b[32minfo\u001b[39m","message":"Server started on port 3000","timestamp":"2025-11-28 13:13:32"}
{"level":"\u001b[32minfo\u001b[39m","message":"Server started on port 3000","timestamp":"2025-11-28 13:13:39"}
{"level":"\u001b[32minfo\u001b[39m","message":"Server started on port 3000","timestamp":"2025-11-28 13:13:57"}
{"level":"\u001b[32minfo\u001b[39m","message":"Server started on port 3000","timestamp":"2025-11-28 13:14:14"}
{"level":"\u001b[32minfo\u001b[39m","message":"Server started on port 3000","timestamp":"2025-11-28 13:14:22"}
{"level":"\u001b[32minfo\u001b[39m","message":"POST /login called","timestamp":"2025-11-28 13:14:42"}
{"level":"\u001b[32minfo\u001b[39m","message":"[login] Attempt login for user: panktank@gmail.com","timestamp":"2025-11-28 13:14:42"}
{"level":"\u001b[32minfo\u001b[39m","message":"[login] Login successful for user: panktank@gmail.com","timestamp":"2025-11-28 13:14:43"}
{"level":"\u001b[32minfo\u001b[39m","message":"POST /login called","timestamp":"2025-11-28 13:14:43"}
{"level":"\u001b[32minfo\u001b[39m","message":"POST /register called","timestamp":"2025-11-28 13:15:06"}
{"level":"\u001b[32minfo\u001b[39m","message":"[register] Attempt to register user: fdsafdsafs@gmail.com","timestamp":"2025-11-28 13:15:06"}
{"level":"\u001b[32minfo\u001b[39m","message":"[register] User created with ID: 17","timestamp":"2025-11-28 13:15:07"}
{"level":"\u001b[32minfo\u001b[39m","message":"[register] Registration completed for user: fdsafdsafs@gmail.com","timestamp":"2025-11-28 13:15:07"}
{"level":"\u001b[32minfo\u001b[39m","message":"User registered: fdsafdsafs@gmail.com","timestamp":"2025-11-28 13:15:07"}
{"level":"\u001b[32minfo\u001b[39m","message":"POST /refresh called","timestamp":"2025-11-28 13:15:55"}
{"level":"\u001b[32minfo\u001b[39m","message":"[refresh] Attempting refresh for user 17","timestamp":"2025-11-28 13:15:55"}
{"level":"\u001b[32minfo\u001b[39m","message":"[refresh] Token refresh successful for user 17","timestamp":"2025-11-28 13:15:55"}
{"level":"\u001b[32minfo\u001b[39m","message":"Token refreshed for user: 17","timestamp":"2025-11-28 13:15:55"}
{"level":"\u001b[32minfo\u001b[39m","message":"POST /logout called","timestamp":"2025-11-28 13:16:20"}
{"level":"\u001b[32minfo\u001b[39m","message":"[logout] Deleting token: 37","timestamp":"2025-11-28 13:16:20"}
{"level":"\u001b[32minfo\u001b[39m","message":"[logout] Token deleted: 37","timestamp":"2025-11-28 13:16:20"}
{"level":"\u001b[32minfo\u001b[39m","message":"User logged out, tokenId=37","timestamp":"2025-11-28 13:16:20"}
{"level":"\u001b[32minfo\u001b[39m","message":"Server started on port 3000","timestamp":"2025-11-28 13:17:58"}
{"level":"\u001b[32minfo\u001b[39m","message":"Server started on port 3000","timestamp":"2025-11-28 13:18:17"}
{"level":"\u001b[32minfo\u001b[39m","message":"Server started on port 3000","timestamp":"2025-11-28 13:18:21"}
{"level":"\u001b[32minfo\u001b[39m","message":"Server started on port 3000","timestamp":"2025-11-28 13:18:29"}
{"level":"\u001b[32minfo\u001b[39m","message":"Server started on port 3000","timestamp":"2025-11-28 13:19:04"}
{"level":"\u001b[32minfo\u001b[39m","message":"Server started on port 3000","timestamp":"2025-11-28 13:19:10"}
{"level":"\u001b[32minfo\u001b[39m","message":"Server started on port 3000","timestamp":"2025-11-28 13:19:28"}
{"level":"\u001b[32minfo\u001b[39m","message":"Server started on port 3000","timestamp":"2025-11-28 13:19:35"}
{"level":"\u001b[32minfo\u001b[39m","message":"Server started on port 3000","timestamp":"2025-11-28 13:19:37"}
{"level":"\u001b[32minfo\u001b[39m","message":"Server started on port 3000","timestamp":"2025-11-28 13:19:52"}
{"level":"\u001b[32minfo\u001b[39m","message":"Server started on port 3000","timestamp":"2025-11-28 13:20:02"}
{"level":"\u001b[32minfo\u001b[39m","message":"Server started on port 3000","timestamp":"2025-11-28 13:20:10"}
{"level":"\u001b[32minfo\u001b[39m","message":"Server started on port 3000","timestamp":"2025-11-28 13:20:28"}
{"level":"\u001b[32minfo\u001b[39m","message":"Server started on port 3000","timestamp":"2025-11-28 13:20:36"}
{"level":"\u001b[32minfo\u001b[39m","message":"Server started on port 3000","timestamp":"2025-11-28 13:20:44"}
{"level":"\u001b[32minfo\u001b[39m","message":"Server started on port 3000","timestamp":"2025-11-28 13:20:54"}
{"level":"\u001b[32minfo\u001b[39m","message":"Server started on port 3000","timestamp":"2025-11-28 13:21:05"}
{"level":"\u001b[32minfo\u001b[39m","message":"Server started on port 3000","timestamp":"2025-11-28 13:21:14"}
{"level":"\u001b[32minfo\u001b[39m","message":"refreshMiddleware: refresh token received","timestamp":"2025-11-28 13:21:18"}
{"level":"\u001b[32minfo\u001b[39m","message":"refreshMiddleware: Looking for tokens of userId=3","timestamp":"2025-11-28 13:21:18"}
{"level":"\u001b[33mwarn\u001b[39m","message":"refreshMiddleware: Refresh token mismatch for userId=3","timestamp":"2025-11-28 13:21:18"}
{"level":"\u001b[32minfo\u001b[39m","message":"Server started on port 3000","timestamp":"2025-11-28 13:28:55"}
{"level":"\u001b[32minfo\u001b[39m","message":"Server started on port 3000","timestamp":"2025-11-28 13:43:35"}
